AR:Fri Jun 17 20:30:47 +01 2022:archiverep.tar:/home/Archive/archiverep
AR:Fri Jun 17 20:35:10 +01 2022:archiverep.tar:/home/Archive/archiverep
AR:Fri Jun 17 20:35:10 +01 2022:archiverep.tar:/home/Archive/archiverep
AR:Fri Jun 17 20:35:55 +01 2022:archiverep.tar:/home/Archive/archiverep
AR:Fri Jun 17 20:35:55 +01 2022:archiverep.tar:/home/Archive/archiverep
AR:Fri Jun 17 20:37:07 +01 2022:archiverep.tar:/home/Archive/archiverep
AR:Fri Jun 17 20:37:07 +01 2022:archiverep.tar:/home/Archive/test/
AR:Fri Jun 17 20:37:14 +01 2022:archiverep.tar:/home/Archive/archiverep
AR:Fri Jun 17 20:37:14 +01 2022:archiverep.tar:/home/Archive/test
AR:Fri Jun 17 20:43:26 +01 2022:test.tar:/home/Archive/test
AR:Fri Jun 17 20:45:59 +01 2022:/home/Archive/test.tar:test
AR:Fri Jun 17 20:46:58 +01 2022:/home/Archive/test.tar:test
AR:Fri Jun 17 20:46:58 +01 2022:/home/Archive/test2.tar:test2
AR:Fri Jun 17 20:46:58 +01 2022:/home/Archive/test3.tar:test3
AR:Fri Jun 17 21:25:43 +01 2022:/home/Archive/reps.txt.tar:reps.txt
AR:Fri Jun 17 21:29:52 +01 2022:/home/Archive/test4.tar:test4
AR:Fri Jun 17 21:29:53 +01 2022:/home/Archive/test5.tar:test5
AR:Fri Jun 17 21:29:53 +01 2022:/home/Archive/test6.tar:test6
AR:Sat 18 Jun 2022 04:09:07 PM +01:/home/Archive/.tar:test
AR:Sat 18 Jun 2022 04:09:37 PM +01:/home/Archive/test2.tar:test2
AR:Sat 18 Jun 2022 04:09:37 PM +01:/home/Archive/test3.tar:test3
AR:Sat 18 Jun 2022 04:09:37 PM +01:/home/Archive/test4.tar:test4
AR:Sat 18 Jun 2022 04:09:55 PM +01:/home/Archive/test5.tar:test5
AR:Sat 18 Jun 2022 04:09:55 PM +01:/home/Archive/test6.tar:test6
